2023-10-26 09:58:32,327 - process_api - INFO - run schema: "#my_process"
2023-10-26 09:58:32,328 - process_api - INFO - run process: "main"
2023-10-26 09:58:32,328 - process_api - INFO - run step: "start"
2023-10-26 09:58:35,380 - process_api - INFO - run step: "step_1"
2023-10-26 09:58:45,467 - process_api - ERROR - Message: 
Stacktrace:
	GetHandleVerifier [0x00007FF6BFE88EF2+54786]
	(No symbol) [0x00007FF6BFDF5612]
	(No symbol) [0x00007FF6BFCAA64B]
	(No symbol) [0x00007FF6BFCEB79C]
	(No symbol) [0x00007FF6BFCEB91C]
	(No symbol) [0x00007FF6BFD26D87]
	(No symbol) [0x00007FF6BFD0BEAF]
	(No symbol) [0x00007FF6BFD24D02]
	(No symbol) [0x00007FF6BFD0BC43]
	(No symbol) [0x00007FF6BFCE0941]
	(No symbol) [0x00007FF6BFCE1B84]
	GetHandleVerifier [0x00007FF6C01D7F52+3524194]
	GetHandleVerifier [0x00007FF6C022D800+3874576]
	GetHandleVerifier [0x00007FF6C0225D7F+3843215]
	GetHandleVerifier [0x00007FF6BFF25086+694166]
	(No symbol) [0x00007FF6BFE00A88]
	(No symbol) [0x00007FF6BFDFCA94]
	(No symbol) [0x00007FF6BFDFCBC2]
	(No symbol) [0x00007FF6BFDECC83]
	BaseThreadInitThunk [0x00007FFD3C64257D+29]
	RtlUserThreadStart [0x00007FFD3D3AAA78+40]

2023-10-26 09:58:45,467 - process_api - ERROR - Traceback (most recent call last):
  File "C:\Development\PragmaDev\ui_testing_service\process_api\__init__.py", line 82, in run
    return await self.process_runner.run_step(self, step, ctx, process, item, callback)
  File "C:\Development\PragmaDev\ui_testing_service\process_api\process_runner.py", line 27, in run_step
    result = await function(api, step, ctx, process, item)
  File "C:\Development\PragmaDev\ui_testing_service\process_api\modules\selenium\__init__.py", line 76, in perform
    await perform(selenium_driver, step["args"])
  File "C:\Development\PragmaDev\ui_testing_service\process_api\modules\selenium\automation\perform.py", line 15, in perform
    element = await get_element(context, query, timeout)
  File "C:\Development\PragmaDev\ui_testing_service\process_api\modules\selenium\automation\get.py", line 34, in get_element
    element = wait.until(element_callback(None, {
  File "C:\Development\PragmaDev\ui_testing_service\venv\lib\site-packages\selenium\webdriver\support\wait.py", line 95, in until
    raise TimeoutException(message, screen, stacktrace)
selenium.common.exceptions.TimeoutException: Message: 
Stacktrace:
	GetHandleVerifier [0x00007FF6BFE88EF2+54786]
	(No symbol) [0x00007FF6BFDF5612]
	(No symbol) [0x00007FF6BFCAA64B]
	(No symbol) [0x00007FF6BFCEB79C]
	(No symbol) [0x00007FF6BFCEB91C]
	(No symbol) [0x00007FF6BFD26D87]
	(No symbol) [0x00007FF6BFD0BEAF]
	(No symbol) [0x00007FF6BFD24D02]
	(No symbol) [0x00007FF6BFD0BC43]
	(No symbol) [0x00007FF6BFCE0941]
	(No symbol) [0x00007FF6BFCE1B84]
	GetHandleVerifier [0x00007FF6C01D7F52+3524194]
	GetHandleVerifier [0x00007FF6C022D800+3874576]
	GetHandleVerifier [0x00007FF6C0225D7F+3843215]
	GetHandleVerifier [0x00007FF6BFF25086+694166]
	(No symbol) [0x00007FF6BFE00A88]
	(No symbol) [0x00007FF6BFDFCA94]
	(No symbol) [0x00007FF6BFDFCBC2]
	(No symbol) [0x00007FF6BFDECC83]
	BaseThreadInitThunk [0x00007FFD3C64257D+29]
	RtlUserThreadStart [0x00007FFD3D3AAA78+40]


2023-10-26 09:58:52,471 - process_api - INFO - Task bee5136d-0bd3-4ae3-8817-05a6ea8cd719 completed in 00:00:16:480
