2023-10-26 14:43:23,290 - process_api - INFO - run schema: "#my_process"
2023-10-26 14:43:23,290 - process_api - INFO - run process: "main"
2023-10-26 14:43:23,290 - process_api - INFO - run step: "start"
2023-10-26 14:43:23,610 - process_api - INFO - run step: "step_1"
2023-10-26 14:43:26,638 - process_api - INFO - run step: "step_2"
2023-10-26 14:43:26,733 - process_api - INFO - run step: "step_3"
2023-10-26 14:43:27,282 - process_api - INFO - run step: "step_4"
2023-10-26 14:43:27,283 - process_api - INFO - run step: "step_5"
2023-10-26 14:43:28,547 - process_api - INFO - run step: "step_6"
2023-10-26 14:43:29,145 - process_api - INFO - run step: "step_7"
2023-10-26 14:43:29,796 - process_api - ERROR - Message: stale element reference: stale element not found
  (Session info: chrome=118.0.5993.70); For documentation on this error, please visit: https://www.selenium.dev/documentation/webdriver/troubleshooting/errors#stale-element-reference-exception
Stacktrace:
	GetHandleVerifier [0x00007FF6BFE88EF2+54786]
	(No symbol) [0x00007FF6BFDF5612]
	(No symbol) [0x00007FF6BFCAA64B]
	(No symbol) [0x00007FF6BFCAF116]
	(No symbol) [0x00007FF6BFCB115F]
	(No symbol) [0x00007FF6BFCB1250]
	(No symbol) [0x00007FF6BFCE7631]
	(No symbol) [0x00007FF6BFD0BE6A]
	(No symbol) [0x00007FF6BFCE22E6]
	(No symbol) [0x00007FF6BFD0C080]
	(No symbol) [0x00007FF6BFD24D02]
	(No symbol) [0x00007FF6BFD0BC43]
	(No symbol) [0x00007FF6BFCE0941]
	(No symbol) [0x00007FF6BFCE1B84]
	GetHandleVerifier [0x00007FF6C01D7F52+3524194]
	GetHandleVerifier [0x00007FF6C022D800+3874576]
	GetHandleVerifier [0x00007FF6C0225D7F+3843215]
	GetHandleVerifier [0x00007FF6BFF25086+694166]
	(No symbol) [0x00007FF6BFE00A88]
	(No symbol) [0x00007FF6BFDFCA94]
	(No symbol) [0x00007FF6BFDFCBC2]
	(No symbol) [0x00007FF6BFDECC83]
	BaseThreadInitThunk [0x00007FFD3C64257D+29]
	RtlUserThreadStart [0x00007FFD3D3AAA78+40]

2023-10-26 14:43:29,796 - process_api - ERROR - Traceback (most recent call last):
  File "C:\Development\PragmaDev\ui_testing_service\process_api\__init__.py", line 82, in run
    return await self.process_runner.run_step(self, step, ctx, process, item, callback)
  File "C:\Development\PragmaDev\ui_testing_service\process_api\process_runner.py", line 27, in run_step
    result = await function(api, step, ctx, process, item)
  File "C:\Development\PragmaDev\ui_testing_service\process_api\modules\selenium\__init__.py", line 54, in get
    return await get(selenium_driver, step["args"])
  File "C:\Development\PragmaDev\ui_testing_service\process_api\modules\selenium\automation\get.py", line 11, in get
    element = await get_element(ctx, query, timeout)
  File "C:\Development\PragmaDev\ui_testing_service\process_api\modules\selenium\automation\get.py", line 39, in get_element
    return wait.until(element_usable_callback(element))
  File "C:\Development\PragmaDev\ui_testing_service\venv\lib\site-packages\selenium\webdriver\support\wait.py", line 86, in until
    value = method(self._driver)
  File "C:\Development\PragmaDev\ui_testing_service\process_api\modules\selenium\condition_callbacks\element_callback.py", line 25, in _predicate
    if element.is_enabled() and element.is_displayed():
  File "C:\Development\PragmaDev\ui_testing_service\venv\lib\site-packages\selenium\webdriver\remote\webelement.py", line 191, in is_enabled
    return self._execute(Command.IS_ELEMENT_ENABLED)["value"]
  File "C:\Development\PragmaDev\ui_testing_service\venv\lib\site-packages\selenium\webdriver\remote\webelement.py", line 394, in _execute
    return self._parent.execute(command, params)
  File "C:\Development\PragmaDev\ui_testing_service\venv\lib\site-packages\selenium\webdriver\remote\webdriver.py", line 344, in execute
    self.error_handler.check_response(response)
  File "C:\Development\PragmaDev\ui_testing_service\venv\lib\site-packages\selenium\webdriver\remote\errorhandler.py", line 229, in check_response
    raise exception_class(message, screen, stacktrace)
selenium.common.exceptions.StaleElementReferenceException: Message: stale element reference: stale element not found
  (Session info: chrome=118.0.5993.70); For documentation on this error, please visit: https://www.selenium.dev/documentation/webdriver/troubleshooting/errors#stale-element-reference-exception
Stacktrace:
	GetHandleVerifier [0x00007FF6BFE88EF2+54786]
	(No symbol) [0x00007FF6BFDF5612]
	(No symbol) [0x00007FF6BFCAA64B]
	(No symbol) [0x00007FF6BFCAF116]
	(No symbol) [0x00007FF6BFCB115F]
	(No symbol) [0x00007FF6BFCB1250]
	(No symbol) [0x00007FF6BFCE7631]
	(No symbol) [0x00007FF6BFD0BE6A]
	(No symbol) [0x00007FF6BFCE22E6]
	(No symbol) [0x00007FF6BFD0C080]
	(No symbol) [0x00007FF6BFD24D02]
	(No symbol) [0x00007FF6BFD0BC43]
	(No symbol) [0x00007FF6BFCE0941]
	(No symbol) [0x00007FF6BFCE1B84]
	GetHandleVerifier [0x00007FF6C01D7F52+3524194]
	GetHandleVerifier [0x00007FF6C022D800+3874576]
	GetHandleVerifier [0x00007FF6C0225D7F+3843215]
	GetHandleVerifier [0x00007FF6BFF25086+694166]
	(No symbol) [0x00007FF6BFE00A88]
	(No symbol) [0x00007FF6BFDFCA94]
	(No symbol) [0x00007FF6BFDFCBC2]
	(No symbol) [0x00007FF6BFDECC83]
	BaseThreadInitThunk [0x00007FFD3C64257D+29]
	RtlUserThreadStart [0x00007FFD3D3AAA78+40]


2023-10-26 14:43:33,880 - process_api - INFO - Task 99e2ee6e-8d2c-435d-8e7c-ecdd69059417 completed in 00:00:09:831
